<?xml version="1.0" encoding="UTF-8"?>
<!-- Generated by org.testng.reporters.JUnitReportReporter -->
<testsuite hostname="SUBHA-DAS" failures="0" tests="1" name="testcase.Verify_Footer_Page" time="1.180" errors="0" timestamp="2022-06-28T09:49:55 IST" skipped="0">
  <testcase classname="testcase.Verify_Footer_Page" name="verify_Footer_Page" time="1.180"/>
  <system-out>
    <![CDATA[Swag Labs
Swag Labs
Swag Labs
© 2022 Sauce Labs. All Rights Reserved. Terms of Service | Privacy Policy]]>
  </system-out>
</testsuite> <!-- testcase.Verify_Footer_Page -->
